<?xml version="1.0" encoding="UTF-8"?>
<!-- Generated by org.testng.reporters.JUnitReportReporter -->
<testsuite skipped="0" hostname="domain" name="com.lemon.java.apiAuto.testCase.TestMethodCase_V1" tests="1" failures="0" timestamp="30 五月 2021 08:37:38 GMT" time="1.190" errors="0">
  <testcase name="test1" time="1.190" classname="com.lemon.java.apiAuto.testCase.TestMethodCase_V1"/>
</testsuite> <!-- com.lemon.java.apiAuto.testCase.TestMethodCase_V1 -->
